<?xml version="1.0" encoding="UTF-8"?>
<!-- Generated by org.testng.reporters.JUnitReportReporter -->
<testsuite skipped="0" hostname="DESKTOP-MD8AK54" name="util.BrowserFactory" tests="1" failures="0" timestamp="2022-03-01T10:17:42 CST" time="3.852" errors="0">
  <testcase name="init" time="3.852" classname="util.BrowserFactory"/>
  <system-out/>
</testsuite> <!-- util.BrowserFactory -->
